<?xml version="1.0" encoding="UTF-8"?>
<testng-results ignored="0" total="1" passed="1" failed="0" skipped="0">
  <reporter-output>
  </reporter-output>
  <suite started-at="2024-07-17T17:51:07 IST" name="Default suite" finished-at="2024-07-17T17:51:16 IST" duration-ms="8458">
    <groups>
    </groups>
    <test started-at="2024-07-17T17:51:07 IST" name="Default test" finished-at="2024-07-17T17:51:16 IST" duration-ms="8458">
      <class name="TestLayer.LoginPage">
        <test-method is-config="true" signature="setUp()[pri:0, instance:TestLayer.LoginPage@1a451d4d]" started-at="2024-07-17T17:51:07 IST" name="setUp" finished-at="2024-07-17T17:51:15 IST" duration-ms="8011" status="PASS">
          <reporter-output>
          </reporter-output>
        </test-method> <!-- setUp -->
        <test-method signature="validate()[pri:0, instance:TestLayer.LoginPage@1a451d4d]" started-at="2024-07-17T17:51:15 IST" name="validate" finished-at="2024-07-17T17:51:16 IST" duration-ms="370" status="PASS">
          <reporter-output>
          </reporter-output>
        </test-method> <!-- validate -->
      </class> <!-- TestLayer.LoginPage -->
    </test> <!-- Default test -->
  </suite> <!-- Default suite -->
</testng-results>
